<?xml version="1.0" encoding="UTF-8"?>
<!-- Generated by org.testng.reporters.JUnitXMLReporter -->
<testsuite ignored="6" hostname="LTIN508179" failures="0" tests="6" name="Test in Chrome Browser" time="97.675" errors="0" timestamp="2024-04-18T21:48:57 IST">
  <testcase classname="testCases.Travel_Insurance_Tc" name="clickTravelInsurance" time="9.155"/>
  <testcase classname="testCases.Travel_Insurance_Tc" name="clickDates" time="10.925"/>
  <testcase classname="testCases.Travel_Insurance_Tc" name="selectAges" time="10.769"/>
  <testcase classname="testCases.Travel_Insurance_Tc" name="enterContactDetais" time="11.208"/>
  <testcase classname="testCases.Car_Insurance_Tc" name="sel_NewCar_forInsurance" time="16.338"/>
  <testcase classname="testCases.Health_Insurance_Tc" name="healthInsuranceMenuItems" time="3.137"/>
  <testcase classname="testCases.Travel_Insurance_Tc" name="insurerNameAndPlanPrice" time="0.0">
    <ignored/>
  </testcase> <!-- insurerNameAndPlanPrice -->
  <testcase classname="testCases.Travel_Insurance_Tc" name="enterStudentPlans" time="0.0">
    <ignored/>
  </testcase> <!-- enterStudentPlans -->
  <testcase classname="testCases.Car_Insurance_Tc" name="navigateBack" time="0.0">
    <ignored/>
  </testcase> <!-- navigateBack -->
  <testcase classname="testCases.Travel_Insurance_Tc" name="selectSorts" time="0.0">
    <ignored/>
  </testcase> <!-- selectSorts -->
  <testcase classname="testCases.Car_Insurance_Tc" name="sendData" time="0.0">
    <ignored/>
  </testcase> <!-- sendData -->
  <testcase classname="testCases.Car_Insurance_Tc" name="email_Capture_ErrorMessage" time="0.0">
    <ignored/>
  </testcase> <!-- email_Capture_ErrorMessage -->
</testsuite> <!-- Test in Chrome Browser -->
